<?xml version="1.0" encoding="UTF-8"?>
<!-- Generated by org.testng.reporters.JUnitXMLReporter -->
<testsuite hostname="DESKTOP-AL97APC" ignored="0" tests="5" failures="0" timestamp="2023-03-11T23:35:18 EET" time="13.158" errors="0">
  <testcase name="verifyNoDuplicatedAccounts" time="5.517" classname="UserTests"/>
  <testcase name="test_signUp" time="2.089" classname="UserTests"/>
  <testcase name="login" time="0.006" classname="UserTests"/>
  <testcase name="test_delete_user" time="2.096" classname="UserTests"/>
  <testcase name="update_userInfo" time="2.105" classname="UserTests"/>
</testsuite>
