<?xml version="1.0" encoding="UTF-8"?>
<!-- Generated by org.testng.reporters.JUnitXMLReporter -->
<testsuite hostname="DESKTOP-AL97APC" ignored="4" tests="26" failures="20" timestamp="2023-02-09T23:05:07 EET" time="17.199" errors="0">
  <testcase name="testAPIKeyAuthentication" time="5.318" classname="Authentication"/>
  <testcase name="testBasicAuthentication" time="2.087" classname="Authentication"/>
  <testcase name="testKeyAuthentication" time="2.131" classname="Authentication"/>
  <testcase name="verifyNoDuplicatedAccounts" time="3.66" classname="UserTests"/>
  <testcase name="test_signUp" time="2.404" classname="UserTests"/>
  <testcase name="login" time="0.005" classname="UserTests"/>
  <testcase name="test_delete_user" time="0.0" classname="UserTests">
    <failure type="java.lang.NullPointerException">
      <![CDATA[java.lang.NullPointerException
at UserTests.test_delete_user(UserTests.java:50)
at java.util.ArrayList.forEach(ArrayList.java:1259)
at com.intellij.rt.testng.IDEARemoteTestNG.run(IDEARemoteTestNG.java:66)
at com.intellij.rt.testng.RemoteTestNGStarter.main(RemoteTestNGStarter.java:109)
... Removed 24 stack frames]]>
    </failure>
  </testcase> <!-- test_delete_user -->
  <testcase name="update_userInfo" time="0.001" classname="UserTests">
    <failure type="java.lang.NullPointerException">
      <![CDATA[java.lang.NullPointerException
at UserTests.update_userInfo(UserTests.java:59)
at java.util.ArrayList.forEach(ArrayList.java:1259)
at com.intellij.rt.testng.IDEARemoteTestNG.run(IDEARemoteTestNG.java:66)
at com.intellij.rt.testng.RemoteTestNGStarter.main(RemoteTestNGStarter.java:109)
... Removed 24 stack frames]]>
    </failure>
  </testcase> <!-- update_userInfo -->
  <testcase name="test_addCar" time="0.0" classname="CarTests">
    <failure type="java.lang.NullPointerException">
      <![CDATA[java.lang.NullPointerException
at CarTests.test_addCar(CarTests.java:25)
at java.util.ArrayList.forEach(ArrayList.java:1259)
at com.intellij.rt.testng.IDEARemoteTestNG.run(IDEARemoteTestNG.java:66)
at com.intellij.rt.testng.RemoteTestNGStarter.main(RemoteTestNGStarter.java:109)
... Removed 24 stack frames]]>
    </failure>
  </testcase> <!-- test_addCar -->
  <testcase name="test_deleteCar_by_id" time="0.001" classname="CarTests">
    <failure type="java.lang.NullPointerException">
      <![CDATA[java.lang.NullPointerException
at CarTests.test_deleteCar_by_id(CarTests.java:36)
at java.util.ArrayList.forEach(ArrayList.java:1259)
at com.intellij.rt.testng.IDEARemoteTestNG.run(IDEARemoteTestNG.java:66)
at com.intellij.rt.testng.RemoteTestNGStarter.main(RemoteTestNGStarter.java:109)
... Removed 24 stack frames]]>
    </failure>
  </testcase> <!-- test_deleteCar_by_id -->
  <testcase name="update_CarData" time="0.001" classname="CarTests">
    <failure type="java.lang.NullPointerException">
      <![CDATA[java.lang.NullPointerException
at CarTests.update_CarData(CarTests.java:45)
at java.util.ArrayList.forEach(ArrayList.java:1259)
at com.intellij.rt.testng.IDEARemoteTestNG.run(IDEARemoteTestNG.java:66)
at com.intellij.rt.testng.RemoteTestNGStarter.main(RemoteTestNGStarter.java:109)
... Removed 24 stack frames]]>
    </failure>
  </testcase> <!-- update_CarData -->
  <testcase name="modify_carData" time="0.001" classname="CarTests">
    <failure type="java.lang.NullPointerException">
      <![CDATA[java.lang.NullPointerException
at CarTests.modify_carData(CarTests.java:57)
at java.util.ArrayList.forEach(ArrayList.java:1259)
at com.intellij.rt.testng.IDEARemoteTestNG.run(IDEARemoteTestNG.java:66)
at com.intellij.rt.testng.RemoteTestNGStarter.main(RemoteTestNGStarter.java:109)
... Removed 24 stack frames]]>
    </failure>
  </testcase> <!-- modify_carData -->
  <testcase name="get_CarData" time="0.001" classname="CarTests">
    <failure type="java.lang.NullPointerException">
      <![CDATA[java.lang.NullPointerException
at CarTests.get_CarData(CarTests.java:68)
at java.util.ArrayList.forEach(ArrayList.java:1259)
at com.intellij.rt.testng.IDEARemoteTestNG.run(IDEARemoteTestNG.java:66)
at com.intellij.rt.testng.RemoteTestNGStarter.main(RemoteTestNGStarter.java:109)
... Removed 24 stack frames]]>
    </failure>
  </testcase> <!-- get_CarData -->
  <testcase name="validate_response_CarInfo" time="0.0" classname="CarTests">
    <failure type="java.lang.NullPointerException">
      <![CDATA[java.lang.NullPointerException
at CarTests.validate_response_CarInfo(CarTests.java:76)
at java.util.ArrayList.forEach(ArrayList.java:1259)
at com.intellij.rt.testng.IDEARemoteTestNG.run(IDEARemoteTestNG.java:66)
at com.intellij.rt.testng.RemoteTestNGStarter.main(RemoteTestNGStarter.java:109)
... Removed 24 stack frames]]>
    </failure>
  </testcase> <!-- validate_response_CarInfo -->
  <testcase name="test_addSupportMember" time="0.005" classname="SupportTests">
    <failure type="java.lang.NullPointerException">
      <![CDATA[java.lang.NullPointerException
at SupportTests.test_addSupportMember(SupportTests.java:29)
at java.util.ArrayList.forEach(ArrayList.java:1259)
at com.intellij.rt.testng.IDEARemoteTestNG.run(IDEARemoteTestNG.java:66)
at com.intellij.rt.testng.RemoteTestNGStarter.main(RemoteTestNGStarter.java:109)
... Removed 24 stack frames]]>
    </failure>
  </testcase> <!-- test_addSupportMember -->
  <testcase name="test_deleteSupportMember_by_id" time="0.0" classname="SupportTests">
    <failure type="java.lang.NullPointerException">
      <![CDATA[java.lang.NullPointerException
at SupportTests.test_deleteSupportMember_by_id(SupportTests.java:40)
at java.util.ArrayList.forEach(ArrayList.java:1259)
at com.intellij.rt.testng.IDEARemoteTestNG.run(IDEARemoteTestNG.java:66)
at com.intellij.rt.testng.RemoteTestNGStarter.main(RemoteTestNGStarter.java:109)
... Removed 24 stack frames]]>
    </failure>
  </testcase> <!-- test_deleteSupportMember_by_id -->
  <testcase name="update_SupportMemberData" time="0.0" classname="SupportTests">
    <failure type="java.lang.NullPointerException">
      <![CDATA[java.lang.NullPointerException
at SupportTests.update_SupportMemberData(SupportTests.java:49)
at java.util.ArrayList.forEach(ArrayList.java:1259)
at com.intellij.rt.testng.IDEARemoteTestNG.run(IDEARemoteTestNG.java:66)
at com.intellij.rt.testng.RemoteTestNGStarter.main(RemoteTestNGStarter.java:109)
... Removed 24 stack frames]]>
    </failure>
  </testcase> <!-- update_SupportMemberData -->
  <testcase name="modify_supportMemberInfo" time="0.0" classname="SupportTests">
    <failure type="java.lang.NullPointerException">
      <![CDATA[java.lang.NullPointerException
at SupportTests.modify_supportMemberInfo(SupportTests.java:60)
at java.util.ArrayList.forEach(ArrayList.java:1259)
at com.intellij.rt.testng.IDEARemoteTestNG.run(IDEARemoteTestNG.java:66)
at com.intellij.rt.testng.RemoteTestNGStarter.main(RemoteTestNGStarter.java:109)
... Removed 24 stack frames]]>
    </failure>
  </testcase> <!-- modify_supportMemberInfo -->
  <testcase name="get_SupportData" time="0.0" classname="SupportTests">
    <failure type="java.lang.NullPointerException">
      <![CDATA[java.lang.NullPointerException
at SupportTests.get_SupportData(SupportTests.java:71)
at java.util.ArrayList.forEach(ArrayList.java:1259)
at com.intellij.rt.testng.IDEARemoteTestNG.run(IDEARemoteTestNG.java:66)
at com.intellij.rt.testng.RemoteTestNGStarter.main(RemoteTestNGStarter.java:109)
... Removed 24 stack frames]]>
    </failure>
  </testcase> <!-- get_SupportData -->
  <testcase name="validate_response_reviewData" time="0.0" classname="SupportTests">
    <failure type="java.lang.NullPointerException">
      <![CDATA[java.lang.NullPointerException
at SupportTests.validate_response_reviewData(SupportTests.java:79)
at java.util.ArrayList.forEach(ArrayList.java:1259)
at com.intellij.rt.testng.IDEARemoteTestNG.run(IDEARemoteTestNG.java:66)
at com.intellij.rt.testng.RemoteTestNGStarter.main(RemoteTestNGStarter.java:109)
... Removed 24 stack frames]]>
    </failure>
  </testcase> <!-- validate_response_reviewData -->
  <testcase name="test_addReview" time="0.0" classname="ReviewsTests">
    <failure type="java.lang.NullPointerException">
      <![CDATA[java.lang.NullPointerException
at ReviewsTests.test_addReview(ReviewsTests.java:27)
at java.util.ArrayList.forEach(ArrayList.java:1259)
at com.intellij.rt.testng.IDEARemoteTestNG.run(IDEARemoteTestNG.java:66)
at com.intellij.rt.testng.RemoteTestNGStarter.main(RemoteTestNGStarter.java:109)
... Removed 24 stack frames]]>
    </failure>
  </testcase> <!-- test_addReview -->
  <testcase name="test_deleteReview_by_id" time="0.001" classname="ReviewsTests">
    <failure type="java.lang.NullPointerException">
      <![CDATA[java.lang.NullPointerException
at ReviewsTests.test_deleteReview_by_id(ReviewsTests.java:38)
at java.util.ArrayList.forEach(ArrayList.java:1259)
at com.intellij.rt.testng.IDEARemoteTestNG.run(IDEARemoteTestNG.java:66)
at com.intellij.rt.testng.RemoteTestNGStarter.main(RemoteTestNGStarter.java:109)
... Removed 24 stack frames]]>
    </failure>
  </testcase> <!-- test_deleteReview_by_id -->
  <testcase name="update_reviewData" time="0.0" classname="ReviewsTests">
    <failure type="java.lang.NullPointerException">
      <![CDATA[java.lang.NullPointerException
at ReviewsTests.update_reviewData(ReviewsTests.java:47)
at java.util.ArrayList.forEach(ArrayList.java:1259)
at com.intellij.rt.testng.IDEARemoteTestNG.run(IDEARemoteTestNG.java:66)
at com.intellij.rt.testng.RemoteTestNGStarter.main(RemoteTestNGStarter.java:109)
... Removed 24 stack frames]]>
    </failure>
  </testcase> <!-- update_reviewData -->
  <testcase name="modify_reviewData" time="0.0" classname="ReviewsTests">
    <failure type="java.lang.NullPointerException">
      <![CDATA[java.lang.NullPointerException
at ReviewsTests.modify_reviewData(ReviewsTests.java:58)
at java.util.ArrayList.forEach(ArrayList.java:1259)
at com.intellij.rt.testng.IDEARemoteTestNG.run(IDEARemoteTestNG.java:66)
at com.intellij.rt.testng.RemoteTestNGStarter.main(RemoteTestNGStarter.java:109)
... Removed 24 stack frames]]>
    </failure>
  </testcase> <!-- modify_reviewData -->
  <testcase name="get_reviewData" time="0.0" classname="ReviewsTests">
    <failure type="java.lang.NullPointerException">
      <![CDATA[java.lang.NullPointerException
at ReviewsTests.get_reviewData(ReviewsTests.java:69)
at java.util.ArrayList.forEach(ArrayList.java:1259)
at com.intellij.rt.testng.IDEARemoteTestNG.run(IDEARemoteTestNG.java:66)
at com.intellij.rt.testng.RemoteTestNGStarter.main(RemoteTestNGStarter.java:109)
... Removed 24 stack frames]]>
    </failure>
  </testcase> <!-- get_reviewData -->
  <testcase name="validate_response_reviewData" time="0.0" classname="ReviewsTests">
    <failure type="java.lang.NullPointerException">
      <![CDATA[java.lang.NullPointerException
at ReviewsTests.validate_response_reviewData(ReviewsTests.java:77)
at java.util.ArrayList.forEach(ArrayList.java:1259)
at com.intellij.rt.testng.IDEARemoteTestNG.run(IDEARemoteTestNG.java:66)
at com.intellij.rt.testng.RemoteTestNGStarter.main(RemoteTestNGStarter.java:109)
... Removed 24 stack frames]]>
    </failure>
  </testcase> <!-- validate_response_reviewData -->
  <testcase name="@BeforeTest base" time="0.0" classname="Base">
    <ignored/>
  </testcase> <!-- @BeforeTest base -->
  <testcase name="@BeforeTest base" time="0.0" classname="Base">
    <ignored/>
  </testcase> <!-- @BeforeTest base -->
  <testcase name="@BeforeTest base" time="0.0" classname="Base">
    <ignored/>
  </testcase> <!-- @BeforeTest base -->
  <testcase name="@BeforeTest base" time="0.0" classname="Base">
    <ignored/>
  </testcase> <!-- @BeforeTest base -->
</testsuite>
