<?xml version="1.0" encoding="UTF-8"?>
<testng-results skipped="0" failed="0" ignored="0" total="5" passed="5">
  <reporter-output>
  </reporter-output>
  <suite name="Default Suite" duration-ms="13158" started-at="2023-03-11T23:35:05 EET" finished-at="2023-03-11T23:35:18 EET">
    <groups>
    </groups>
    <test name="CarMarket_RestAssured_API_Testing" duration-ms="13158" started-at="2023-03-11T23:35:05 EET" finished-at="2023-03-11T23:35:18 EET">
      <class name="UserTests">
        <test-method status="PASS" signature="base()[pri:0, instance:UserTests@5f375618]" name="base" is-config="true" duration-ms="1287" started-at="2023-03-11T23:35:05 EET" finished-at="2023-03-11T23:35:06 EET">
          <reporter-output>
          </reporter-output>
        </test-method> <!-- base -->
        <test-method status="PASS" signature="verifyNoDuplicatedAccounts()[pri:1, instance:UserTests@5f375618]" name="verifyNoDuplicatedAccounts" duration-ms="5517" started-at="2023-03-11T23:35:06 EET" finished-at="2023-03-11T23:35:11 EET">
          <reporter-output>
          </reporter-output>
        </test-method> <!-- verifyNoDuplicatedAccounts -->
        <test-method status="PASS" signature="test_signUp()[pri:2, instance:UserTests@5f375618]" name="test_signUp" duration-ms="2089" started-at="2023-03-11T23:35:11 EET" finished-at="2023-03-11T23:35:14 EET">
          <reporter-output>
          </reporter-output>
        </test-method> <!-- test_signUp -->
        <test-method status="PASS" signature="login()[pri:3, instance:UserTests@5f375618]" name="login" duration-ms="6" started-at="2023-03-11T23:35:14 EET" finished-at="2023-03-11T23:35:14 EET">
          <reporter-output>
          </reporter-output>
        </test-method> <!-- login -->
        <test-method status="PASS" signature="test_delete_user()[pri:4, instance:UserTests@5f375618]" name="test_delete_user" duration-ms="2096" started-at="2023-03-11T23:35:14 EET" finished-at="2023-03-11T23:35:16 EET">
          <reporter-output>
          </reporter-output>
        </test-method> <!-- test_delete_user -->
        <test-method status="PASS" signature="update_userInfo()[pri:5, instance:UserTests@5f375618]" name="update_userInfo" duration-ms="2105" started-at="2023-03-11T23:35:16 EET" finished-at="2023-03-11T23:35:18 EET">
          <reporter-output>
          </reporter-output>
        </test-method> <!-- update_userInfo -->
      </class> <!-- UserTests -->
    </test> <!-- CarMarket_RestAssured_API_Testing -->
  </suite> <!-- Default Suite -->
</testng-results>
